<?xml version="1.0" encoding="UTF-8"?>
<!-- Generated by org.testng.reporters.JUnitReportReporter -->
<testsuite hostname="DESKTOP-QDVRERG" failures="0" tests="3" name="testNGBasics.TestNGAlerts" time="54.471" errors="0" timestamp="2022-04-24T08:43:28 IST" skipped="0">
  <testcase classname="testNGBasics.TestNGAlerts" name="simpleAlert" time="26.578"/>
  <system-out/>
  <testcase classname="testNGBasics.TestNGAlerts" name="scollDown" time="12.858"/>
  <system-out/>
  <testcase classname="testNGBasics.TestNGAlerts" name="textAlert" time="15.035"/>
  <system-out/>
</testsuite> <!-- testNGBasics.TestNGAlerts -->
