<?xml version="1.0" encoding="UTF-8"?>
<!-- Generated by org.testng.reporters.JUnitReportReporter -->
<testsuite hostname="DESKTOP-QDVRERG" failures="0" tests="1" name="testNGBasics.TestNGIframe" time="48.387" errors="0" timestamp="2022-04-25T06:35:27 IST" skipped="0">
  <testcase classname="testNGBasics.TestNGIframe" name="switchToiFrame" time="48.387"/>
  <system-out/>
</testsuite> <!-- testNGBasics.TestNGIframe -->
