<?xml version="1.0" encoding="UTF-8"?>
<!-- Generated by org.testng.reporters.JUnitReportReporter -->
<testsuite hostname="DESKTOP-QDVRERG" failures="0" tests="3" name="testNGBasics.TestNGHardAssert" time="7.811" errors="0" timestamp="2022-04-27T07:42:51 IST" skipped="0">
  <testcase classname="testNGBasics.TestNGHardAssert" name="verifyTheCurrentURLOfThePage" time="0.174"/>
  <system-out/>
  <testcase classname="testNGBasics.TestNGHardAssert" name="verifyThePageTitle" time="0.090"/>
  <system-out/>
  <testcase classname="testNGBasics.TestNGHardAssert" name="verifyTheUSerNameAfterSuccessfulLogin" time="7.547"/>
  <system-out/>
</testsuite> <!-- testNGBasics.TestNGHardAssert -->
