<?xml version="1.0" encoding="UTF-8"?>
<!-- Generated by org.testng.reporters.JUnitReportReporter -->
<testsuite hostname="DESKTOP-QDVRERG" failures="0" tests="1" name="testNGBasics.TestNGDragnDrop" time="12.395" errors="0" timestamp="2022-04-27T10:56:17 IST" skipped="0">
  <testcase classname="testNGBasics.TestNGDragnDrop" name="dragAndDrop" time="12.395"/>
  <system-out/>
</testsuite> <!-- testNGBasics.TestNGDragnDrop -->
