<?xml version="1.0" encoding="UTF-8"?>
<!-- Generated by org.testng.reporters.JUnitReportReporter -->
<testsuite hostname="DESKTOP-QDVRERG" failures="0" tests="1" name="testNGBasics.TestNGRadioButton" time="28.597" errors="0" timestamp="2022-04-25T07:45:07 IST" skipped="0">
  <testcase classname="testNGBasics.TestNGRadioButton" name="radioButton" time="28.597"/>
  <system-out/>
</testsuite> <!-- testNGBasics.TestNGRadioButton -->
