<?xml version="1.0" encoding="UTF-8"?>
<!-- Generated by org.testng.reporters.JUnitReportReporter -->
<testsuite hostname="DESKTOP-QDVRERG" failures="0" tests="1" name="testNGBasics.TestNGFileUploadRobotClass" time="45.758" errors="0" timestamp="2022-04-25T07:20:31 IST" skipped="0">
  <testcase classname="testNGBasics.TestNGFileUploadRobotClass" name="fileUpload" time="45.758"/>
  <system-out/>
</testsuite> <!-- testNGBasics.TestNGFileUploadRobotClass -->
