<?xml version="1.0" encoding="UTF-8"?>
<!-- Generated by org.testng.reporters.JUnitReportReporter -->
<testsuite hostname="DESKTOP-QDVRERG" failures="0" tests="1" name="testNGBasics.TestNGWindowHandle" time="24.331" errors="0" timestamp="2022-04-22T11:10:06 IST" skipped="0">
  <testcase classname="testNGBasics.TestNGWindowHandle" name="windowHandle" time="24.331"/>
  <system-out/>
</testsuite> <!-- testNGBasics.TestNGWindowHandle -->
