<?xml version="1.0" encoding="UTF-8"?>
<!-- Generated by org.testng.reporters.JUnitReportReporter -->
<testsuite hostname="DESKTOP-QDVRERG" failures="0" tests="1" name="testNGBasics.SampleProgram" time="43.291" errors="0" timestamp="2022-04-22T10:50:00 IST" skipped="0">
  <testcase classname="testNGBasics.SampleProgram" name="switchToiFrame" time="43.291"/>
  <system-out/>
</testsuite> <!-- testNGBasics.SampleProgram -->
