<?xml version="1.0" encoding="UTF-8"?>
<!-- Generated by org.testng.reporters.JUnitReportReporter -->
<testsuite hostname="DESKTOP-QDVRERG" failures="0" tests="3" name="testNGBasics.TestNGPrograme1" time="0.457" errors="0" timestamp="2022-04-22T10:02:28 IST" skipped="0">
  <testcase classname="testNGBasics.TestNGPrograme1" name="getTheCurrentURL" time="0.201"/>
  <system-out/>
  <testcase classname="testNGBasics.TestNGPrograme1" name="getTheTitle" time="0.253"/>
  <system-out/>
  <testcase classname="testNGBasics.TestNGPrograme1" name="getTheClas" time="0.003"/>
  <system-out/>
</testsuite> <!-- testNGBasics.TestNGPrograme1 -->
