<?xml version="1.0" encoding="UTF-8"?>
<!-- Generated by org.testng.reporters.JUnitReportReporter -->
<testsuite hostname="DESKTOP-QDVRERG" failures="0" tests="2" name="testNGBasics.TestNGDropDown" time="0.803" errors="0" timestamp="2022-04-25T07:37:50 IST" skipped="1">
  <testcase classname="testNGBasics.TestNGDropDown" name="noOfPassengers" time="0.803"/>
  <system-out/>
  <testcase classname="testNGBasics.TestNGDropDown" name="departFrom">
    <skipped/>
  </testcase> <!-- departFrom -->
  <system-out/>
</testsuite> <!-- testNGBasics.TestNGDropDown -->
